<?xml version="1.0" encoding="UTF-8"?>
<testng-results skipped="0" failed="0" ignored="0" total="2" passed="2">
  <reporter-output>
    <line>
      <![CDATA[<div style="display:block;margin-left:10px;"><div  class="teststeppass"><span class="teststeppass-label">T </span>Given get '/'</div><div  class="teststeppass"><span class="teststeppass-label">T </span>When search for 'qaf github infostretch'</div><div style="display:block;margin-left:10px;"><div  class="teststeppass"><span class="teststeppass-label">T </span>sendKeys 'qaf github infostretch' into 'input.search'</div><div  class="teststeppass"><span class="teststeppass-label">T </span>click on 'button.search'</div></div><div  class="teststeppass"><span class="teststeppass-label">T </span>Then verify link with partial text 'qaf' is present</div><div style="display:block;margin-left:10px;"><div  class="pass"><span class="pass-label">P </span>Expected By.partialLinkText: qaf present : Actual By.partialLinkText: qaf present <a href="../img/SampleTest_1w538sxmvi60k56256.png" target="_blank">[View Screenshot]</a> </div></div></div>]]>
    </line>
    <line>
      <![CDATA[<div style="display:block;margin-left:10px;"><div  class="teststeppass"><span class="teststeppass-label">T </span>get '/'</div><div  class="teststeppass"><span class="teststeppass-label">T </span>search for 'qaf github infostretch'</div><div style="display:block;margin-left:10px;"><div  class="teststeppass"><span class="teststeppass-label">T </span>sendKeys 'qaf github infostretch' into 'input.search'</div><div  class="teststeppass"><span class="teststeppass-label">T </span>click on 'button.search'</div></div><div  class="teststeppass"><span class="teststeppass-label">T </span>verify link with partial text 'qaf' is present</div><div style="display:block;margin-left:10px;"><div  class="pass"><span class="pass-label">P </span>Expected By.partialLinkText: qaf present : Actual By.partialLinkText: qaf present <a href="../img/TestGoogleSearch_1wlsjsja80tep56257.png" target="_blank">[View Screenshot]</a> </div></div></div>]]>
    </line>
  </reporter-output>
  <suite name="QAF Demo" duration-ms="15508" started-at="2018-09-06T05:57:20Z" finished-at="2018-09-06T05:57:36Z">
    <groups>
      <group name="SMOKE">
        <method signature="scenarios.suite1.bdd.SampleTest()[pri:1000, instance:com.qmetry.qaf.automation.step.client.Scenario@3e8]" name="SampleTest" class="com.qmetry.qaf.automation.step.client.Scenario"/>
      </group> <!-- SMOKE -->
    </groups>
    <test name="BDD Test" duration-ms="8392" started-at="2018-09-06T05:57:20Z" finished-at="2018-09-06T05:57:28Z">
      <class name="com.qmetry.qaf.automation.step.client.Scenario">
        <test-method status="PASS" signature="setupTest(org.testng.ITestContext)[pri:0, instance:com.qmetry.qaf.automation.step.client.Scenario@3e8]" test-instance-name="SampleTest" name="setupTest" is-config="true" duration-ms="0" started-at="2018-09-06T11:27:20Z" finished-at="2018-09-06T11:27:20Z">
          <params>
            <param index="0">
              <value>
                <![CDATA[org.testng.TestRunner@25b485ba]]>
              </value>
            </param>
          </params>
          <reporter-output>
          </reporter-output>
        </test-method> <!-- setupTest -->
        <test-method status="PASS" signature="SampleTest()[pri:1000, instance:com.qmetry.qaf.automation.step.client.Scenario@3e8]" test-instance-name="SampleTest" name="SampleTest" duration-ms="8329" started-at="2018-09-06T11:27:20Z" description="Sample Test Scenario" finished-at="2018-09-06T11:27:28Z">
          <reporter-output>
            <line>
              <![CDATA[<div style="display:block;margin-left:10px;"><div  class="teststeppass"><span class="teststeppass-label">T </span>Given get '/'</div><div  class="teststeppass"><span class="teststeppass-label">T </span>When search for 'qaf github infostretch'</div><div style="display:block;margin-left:10px;"><div  class="teststeppass"><span class="teststeppass-label">T </span>sendKeys 'qaf github infostretch' into 'input.search'</div><div  class="teststeppass"><span class="teststeppass-label">T </span>click on 'button.search'</div></div><div  class="teststeppass"><span class="teststeppass-label">T </span>Then verify link with partial text 'qaf' is present</div><div style="display:block;margin-left:10px;"><div  class="pass"><span class="pass-label">P </span>Expected By.partialLinkText: qaf present : Actual By.partialLinkText: qaf present <a href="../img/SampleTest_1w538sxmvi60k56256.png" target="_blank">[View Screenshot]</a> </div></div></div>]]>
            </line>
          </reporter-output>
        </test-method> <!-- SampleTest -->
        <test-method status="PASS" signature="setup(org.testng.ITestContext)[pri:0, instance:com.qmetry.qaf.automation.step.client.Scenario@3e8]" test-instance-name="SampleTest" name="setup" is-config="true" duration-ms="0" started-at="2018-09-06T11:27:20Z" finished-at="2018-09-06T11:27:20Z">
          <params>
            <param index="0">
              <value>
                <![CDATA[org.testng.TestRunner@25b485ba]]>
              </value>
            </param>
          </params>
          <reporter-output>
          </reporter-output>
        </test-method> <!-- setup -->
        <test-method status="PASS" signature="setupMethod(java.lang.reflect.Method, org.testng.ITestContext)[pri:0, instance:com.qmetry.qaf.automation.step.client.Scenario@3e8]" test-instance-name="SampleTest" name="setupMethod" is-config="true" duration-ms="0" started-at="2018-09-06T11:27:20Z" finished-at="2018-09-06T11:27:20Z">
          <params>
            <param index="0">
              <value>
                <![CDATA[public void com.qmetry.qaf.automation.step.client.Scenario.scenario()]]>
              </value>
            </param>
            <param index="1">
              <value>
                <![CDATA[org.testng.TestRunner@25b485ba]]>
              </value>
            </param>
          </params>
          <reporter-output>
          </reporter-output>
        </test-method> <!-- setupMethod -->
        <test-method status="PASS" signature="afterMethod(org.testng.ITestContext, org.testng.ITestResult)[pri:0, instance:com.qmetry.qaf.automation.step.client.Scenario@3e8]" test-instance-name="SampleTest" name="afterMethod" is-config="true" duration-ms="0" started-at="2018-09-06T11:27:28Z" finished-at="2018-09-06T11:27:28Z">
          <params>
            <param index="0">
              <value>
                <![CDATA[org.testng.TestRunner@25b485ba]]>
              </value>
            </param>
            <param index="1">
              <value>
                <![CDATA[[TestResult name=SampleTest status=SUCCESS method=scenarios.suite1.bdd.SampleTest()[pri:1000, instance:com.qmetry.qaf.automation.step.client.Scenario@3e8] output=<div style="display:block;margin-left:10px;"><div  class="teststeppass"><span class="teststeppass-label">T </span>Given get '/'</div><div  class="teststeppass"><span class="teststeppass-label">T </span>When search for 'qaf github infostretch'</div><div style="display:block;margin-left:10px;"><div  class="teststeppass"><span class="teststeppass-label">T </span>sendKeys 'qaf github infostretch' into 'input.search'</div><div  class="teststeppass"><span class="teststeppass-label">T </span>click on 'button.search'</div></div><div  class="teststeppass"><span class="teststeppass-label">T </span>Then verify link with partial text 'qaf' is present</div><div style="display:block;margin-left:10px;"><div  class="pass"><span class="pass-label">P </span>Expected By.partialLinkText: qaf present : Actual By.partialLinkText: qaf present <a href="../img/SampleTest_1w538sxmvi60k56256.png" target="_blank">[View Screenshot]</a> </div></div></div>]]]>
              </value>
            </param>
          </params>
          <reporter-output>
          </reporter-output>
        </test-method> <!-- afterMethod -->
        <test-method status="PASS" signature="afterClass(org.testng.ITestContext)[pri:0, instance:com.qmetry.qaf.automation.step.client.Scenario@3e8]" test-instance-name="SampleTest" name="afterClass" is-config="true" duration-ms="0" started-at="2018-09-06T11:27:28Z" finished-at="2018-09-06T11:27:28Z">
          <params>
            <param index="0">
              <value>
                <![CDATA[org.testng.TestRunner@25b485ba]]>
              </value>
            </param>
          </params>
          <reporter-output>
          </reporter-output>
        </test-method> <!-- afterClass -->
        <test-method status="PASS" signature="afterTest(org.testng.ITestContext)[pri:0, instance:com.qmetry.qaf.automation.step.client.Scenario@3e8]" test-instance-name="SampleTest" name="afterTest" is-config="true" duration-ms="47" started-at="2018-09-06T11:27:28Z" finished-at="2018-09-06T11:27:28Z">
          <params>
            <param index="0">
              <value>
                <![CDATA[org.testng.TestRunner@25b485ba]]>
              </value>
            </param>
          </params>
          <reporter-output>
          </reporter-output>
        </test-method> <!-- afterTest -->
      </class> <!-- com.qmetry.qaf.automation.step.client.Scenario -->
    </test> <!-- BDD Test -->
    <test name="java Test" duration-ms="6994" started-at="2018-09-06T05:57:29Z" finished-at="2018-09-06T05:57:36Z">
      <class name="com.qmetry.qaf.example.test.SampleTest">
        <test-method status="PASS" signature="setupSuit(org.testng.ITestContext)[pri:0, instance:com.qmetry.qaf.example.test.SampleTest@77be656f]" name="setupSuit" is-config="true" duration-ms="31" started-at="2018-09-06T11:27:20Z" finished-at="2018-09-06T11:27:20Z">
          <params>
            <param index="0">
              <value>
                <![CDATA[org.testng.TestRunner@482cd91f]]>
              </value>
            </param>
          </params>
          <reporter-output>
          </reporter-output>
        </test-method> <!-- setupSuit -->
        <test-method status="PASS" signature="setupTest(org.testng.ITestContext)[pri:0, instance:com.qmetry.qaf.example.test.SampleTest@77be656f]" name="setupTest" is-config="true" duration-ms="0" started-at="2018-09-06T11:27:29Z" finished-at="2018-09-06T11:27:29Z">
          <params>
            <param index="0">
              <value>
                <![CDATA[org.testng.TestRunner@482cd91f]]>
              </value>
            </param>
          </params>
          <reporter-output>
          </reporter-output>
        </test-method> <!-- setupTest -->
        <test-method status="PASS" signature="setup(org.testng.ITestContext)[pri:0, instance:com.qmetry.qaf.example.test.SampleTest@77be656f]" name="setup" is-config="true" duration-ms="0" started-at="2018-09-06T11:27:29Z" finished-at="2018-09-06T11:27:29Z">
          <params>
            <param index="0">
              <value>
                <![CDATA[org.testng.TestRunner@482cd91f]]>
              </value>
            </param>
          </params>
          <reporter-output>
          </reporter-output>
        </test-method> <!-- setup -->
        <test-method status="PASS" signature="setupMethod(java.lang.reflect.Method, org.testng.ITestContext)[pri:0, instance:com.qmetry.qaf.example.test.SampleTest@77be656f]" name="setupMethod" is-config="true" duration-ms="0" started-at="2018-09-06T11:27:29Z" finished-at="2018-09-06T11:27:29Z">
          <params>
            <param index="0">
              <value>
                <![CDATA[public void com.qmetry.qaf.example.test.SampleTest.testGoogleSearch()]]>
              </value>
            </param>
            <param index="1">
              <value>
                <![CDATA[org.testng.TestRunner@482cd91f]]>
              </value>
            </param>
          </params>
          <reporter-output>
          </reporter-output>
        </test-method> <!-- setupMethod -->
        <test-method status="PASS" signature="testGoogleSearch()[pri:0, instance:com.qmetry.qaf.example.test.SampleTest@77be656f]" name="testGoogleSearch" duration-ms="6917" started-at="2018-09-06T11:27:29Z" finished-at="2018-09-06T11:27:35Z">
          <reporter-output>
            <line>
              <![CDATA[<div style="display:block;margin-left:10px;"><div  class="teststeppass"><span class="teststeppass-label">T </span>get '/'</div><div  class="teststeppass"><span class="teststeppass-label">T </span>search for 'qaf github infostretch'</div><div style="display:block;margin-left:10px;"><div  class="teststeppass"><span class="teststeppass-label">T </span>sendKeys 'qaf github infostretch' into 'input.search'</div><div  class="teststeppass"><span class="teststeppass-label">T </span>click on 'button.search'</div></div><div  class="teststeppass"><span class="teststeppass-label">T </span>verify link with partial text 'qaf' is present</div><div style="display:block;margin-left:10px;"><div  class="pass"><span class="pass-label">P </span>Expected By.partialLinkText: qaf present : Actual By.partialLinkText: qaf present <a href="../img/TestGoogleSearch_1wlsjsja80tep56257.png" target="_blank">[View Screenshot]</a> </div></div></div>]]>
            </line>
          </reporter-output>
        </test-method> <!-- testGoogleSearch -->
        <test-method status="PASS" signature="afterMethod(org.testng.ITestContext, org.testng.ITestResult)[pri:0, instance:com.qmetry.qaf.example.test.SampleTest@77be656f]" name="afterMethod" is-config="true" duration-ms="1" started-at="2018-09-06T11:27:36Z" finished-at="2018-09-06T11:27:36Z">
          <params>
            <param index="0">
              <value>
                <![CDATA[org.testng.TestRunner@482cd91f]]>
              </value>
            </param>
            <param index="1">
              <value>
                <![CDATA[[TestResult name=testGoogleSearch status=SUCCESS method=SampleTest.testGoogleSearch()[pri:0, instance:com.qmetry.qaf.example.test.SampleTest@77be656f] output=<div style="display:block;margin-left:10px;"><div  class="teststeppass"><span class="teststeppass-label">T </span>get '/'</div><div  class="teststeppass"><span class="teststeppass-label">T </span>search for 'qaf github infostretch'</div><div style="display:block;margin-left:10px;"><div  class="teststeppass"><span class="teststeppass-label">T </span>sendKeys 'qaf github infostretch' into 'input.search'</div><div  class="teststeppass"><span class="teststeppass-label">T </span>click on 'button.search'</div></div><div  class="teststeppass"><span class="teststeppass-label">T </span>verify link with partial text 'qaf' is present</div><div style="display:block;margin-left:10px;"><div  class="pass"><span class="pass-label">P </span>Expected By.partialLinkText: qaf present : Actual By.partialLinkText: qaf present <a href="../img/TestGoogleSearch_1wlsjsja80tep56257.png" target="_blank">[View Screenshot]</a> </div></div></div>]]]>
              </value>
            </param>
          </params>
          <reporter-output>
          </reporter-output>
        </test-method> <!-- afterMethod -->
        <test-method status="PASS" signature="afterClass(org.testng.ITestContext)[pri:0, instance:com.qmetry.qaf.example.test.SampleTest@77be656f]" name="afterClass" is-config="true" duration-ms="0" started-at="2018-09-06T11:27:36Z" finished-at="2018-09-06T11:27:36Z">
          <params>
            <param index="0">
              <value>
                <![CDATA[org.testng.TestRunner@482cd91f]]>
              </value>
            </param>
          </params>
          <reporter-output>
          </reporter-output>
        </test-method> <!-- afterClass -->
        <test-method status="PASS" signature="afterTest(org.testng.ITestContext)[pri:0, instance:com.qmetry.qaf.example.test.SampleTest@77be656f]" name="afterTest" is-config="true" duration-ms="71" started-at="2018-09-06T11:27:36Z" finished-at="2018-09-06T11:27:36Z">
          <params>
            <param index="0">
              <value>
                <![CDATA[org.testng.TestRunner@482cd91f]]>
              </value>
            </param>
          </params>
          <reporter-output>
          </reporter-output>
        </test-method> <!-- afterTest -->
        <test-method status="PASS" signature="afterSuit(org.testng.ITestContext)[pri:0, instance:com.qmetry.qaf.example.test.SampleTest@77be656f]" name="afterSuit" is-config="true" duration-ms="0" started-at="2018-09-06T11:27:36Z" finished-at="2018-09-06T11:27:36Z">
          <params>
            <param index="0">
              <value>
                <![CDATA[org.testng.TestRunner@482cd91f]]>
              </value>
            </param>
          </params>
          <reporter-output>
          </reporter-output>
        </test-method> <!-- afterSuit -->
      </class> <!-- com.qmetry.qaf.example.test.SampleTest -->
    </test> <!-- java Test -->
  </suite> <!-- QAF Demo -->
</testng-results>
